{"meta": {"format": 3, "version": "7.7.1", "timestamp": "2025-03-26T16:50:47.575181", "branch_coverage": true, "show_contexts": false}, "files": {"poly_llm\\to_test\\separate_paren_groups.py": {"executed_lines": [11, 12, 13, 15, 16, 17, 18, 19, 20, 21, 23, 24, 25, 27, 30, 33, 43, 54, 55], "summary": {"covered_lines": 14, "num_statements": 16, "percent_covered": 91.66666666666667, "percent_covered_display": "92", "missing_lines": 2, "excluded_lines": 28, "num_branches": 8, "num_partial_branches": 0, "covered_branches": 8, "missing_branches": 0}, "missing_lines": [1, 3], "excluded_lines": [29, 30, 31, 32, 33, 34, 35, 36, 37, 38, 39, 40, 41, 42, 43, 44, 45, 46, 47, 48, 49, 50, 51, 52, 53, 54, 55, 58], "executed_branches": [[15, 16], [15, 27], [16, 17], [16, 19], [19, 15], [19, 20], [23, 15], [23, 24]], "missing_branches": [], "functions": {"separate_paren_groups": {"executed_lines": [11, 12, 13, 15, 16, 17, 18, 19, 20, 21, 23, 24, 25, 27], "summary": {"covered_lines": 14, "num_statements": 14, "percent_covered": 100.0, "percent_covered_display": "100", "missing_lines": 0, "excluded_lines": 0, "num_branches": 8, "num_partial_branches": 0, "covered_branches": 8, "missing_branches": 0}, "missing_lines": [], "excluded_lines": [], "executed_branches": [[15, 16], [15, 27], [16, 17], [16, 19], [19, 15], [19, 20], [23, 15], [23, 24]], "missing_branches": []}, "test_separate_paren_groups": {"executed_lines": [30, 33, 43, 54, 55], "summary": {"covered_lines": 0, "num_statements": 0, "percent_covered": 100.0, "percent_covered_display": "100", "missing_lines": 0, "excluded_lines": 26, "num_branches": 0, "num_partial_branches": 0, "covered_branches": 0, "missing_branches": 0}, "missing_lines": [], "excluded_lines": [30, 31, 32, 33, 34, 35, 36, 37, 38, 39, 40, 41, 42, 43, 44, 45, 46, 47, 48, 49, 50, 51, 52, 53, 54, 55], "executed_branches": [], "missing_branches": []}, "": {"executed_lines": [], "summary": {"covered_lines": 0, "num_statements": 2, "percent_covered": 0.0, "percent_covered_display": "0", "missing_lines": 2, "excluded_lines": 2, "num_branches": 0, "num_partial_branches": 0, "covered_branches": 0, "missing_branches": 0}, "missing_lines": [1, 3], "excluded_lines": [29, 58], "executed_branches": [], "missing_branches": []}}, "classes": {"": {"executed_lines": [11, 12, 13, 15, 16, 17, 18, 19, 20, 21, 23, 24, 25, 27, 30, 33, 43, 54, 55], "summary": {"covered_lines": 14, "num_statements": 16, "percent_covered": 91.66666666666667, "percent_covered_display": "92", "missing_lines": 2, "excluded_lines": 28, "num_branches": 8, "num_partial_branches": 0, "covered_branches": 8, "missing_branches": 0}, "missing_lines": [1, 3], "excluded_lines": [29, 30, 31, 32, 33, 34, 35, 36, 37, 38, 39, 40, 41, 42, 43, 44, 45, 46, 47, 48, 49, 50, 51, 52, 53, 54, 55, 58], "executed_branches": [[15, 16], [15, 27], [16, 17], [16, 19], [19, 15], [19, 20], [23, 15], [23, 24]], "missing_branches": []}}}}, "totals": {"covered_lines": 14, "num_statements": 16, "percent_covered": 91.66666666666667, "percent_covered_display": "92", "missing_lines": 2, "excluded_lines": 28, "num_branches": 8, "num_partial_branches": 0, "covered_branches": 8, "missing_branches": 0}}